<?xml version="1.0" encoding="UTF-8"?>
<!-- Generated by org.testng.reporters.JUnitXMLReporter -->
<testsuite ignored="1" hostname="CHETAN" failures="0" tests="2" name="Test" time="12.111" errors="0" timestamp="2024-06-17T22:41:24 IST">
  <testcase classname="scenario2.Tests.LoginTest" name="loginTest" time="4.051"/>
  <testcase classname="scenario2.Tests.AdminTest" name="adminTest" time="7.986"/>
  <testcase classname="scenario2.Tests.BaseTest" name="@BeforeSuite setUpBrowser" time="0.0">
    <ignored/>
  </testcase> <!-- @BeforeSuite setUpBrowser -->
</testsuite> <!-- Test -->
